<?xml version="1.0" encoding="UTF-8"?>
<testng-results ignored="0" total="1" passed="1" failed="0" skipped="0">
  <reporter-output>
  </reporter-output>
  <suite started-at="2024-03-09T17:43:34 PST" name="Failed suite [Suite]" finished-at="2024-03-09T17:43:38 PST" duration-ms="4098">
    <groups>
    </groups>
    <test started-at="2024-03-09T17:43:34 PST" name="chromeTest(failed)" finished-at="2024-03-09T17:43:38 PST" duration-ms="4098">
      <class name="testCases.TC_001_AccountRegisterationTest">
        <test-method is-config="true" signature="setup(java.lang.String)[pri:0, instance:testCases.TC_001_AccountRegisterationTest@1af2d44a]" started-at="2024-03-09T17:43:35 PST" name="setup" finished-at="2024-03-09T17:43:37 PST" duration-ms="2856" status="PASS">
          <params>
            <param index="0">
              <value>
                <![CDATA[chrome]]>
              </value>
            </param>
          </params>
          <reporter-output>
          </reporter-output>
        </test-method> <!-- setup -->
        <test-method signature="testAccountRegiseration()[pri:0, instance:testCases.TC_001_AccountRegisterationTest@1af2d44a]" started-at="2024-03-09T17:43:37 PST" name="testAccountRegiseration" finished-at="2024-03-09T17:43:38 PST" duration-ms="901" status="PASS">
          <reporter-output>
          </reporter-output>
        </test-method> <!-- testAccountRegiseration -->
        <test-method is-config="true" signature="tearDown()[pri:0, instance:testCases.TC_001_AccountRegisterationTest@1af2d44a]" started-at="2024-03-09T17:43:38 PST" name="tearDown" finished-at="2024-03-09T17:43:38 PST" duration-ms="122" status="PASS">
          <reporter-output>
          </reporter-output>
        </test-method> <!-- tearDown -->
      </class> <!-- testCases.TC_001_AccountRegisterationTest -->
    </test> <!-- chromeTest(failed) -->
  </suite> <!-- Failed suite [Suite] -->
</testng-results>
